# JRE version: OpenJDK Runtime Environment (8.0_152-b01) (build 1.8.0_152-release-1024-b01)
# Java VM: OpenJDK 64-Bit Server VM (25.152-b01 mixed mode linux-amd64 compressed oops)
Heap:
 PSYoungGen      total 475136K, used 45028K [0x00000000e0000000, 0x0000000100000000, 0x0000000100000000)
  eden space 430080K, 0% used [0x00000000e0000000,0x00000000e0000000,0x00000000fa400000)
  from space 45056K, 99% used [0x00000000fa400000,0x00000000fcff92e8,0x00000000fd000000)
  to   space 49152K, 0% used [0x00000000fd000000,0x00000000fd000000,0x0000000100000000)
 ParOldGen       total 208896K, used 208755K [0x00000000a0000000, 0x00000000acc00000, 0x00000000e0000000)
  object space 208896K, 99% used [0x00000000a0000000,0x00000000acbdce50,0x00000000acc00000)
 Metaspace       used 111084K, capacity 117492K, committed 117848K, reserved 1153024K
  class space    used 13545K, capacity 14719K, committed 14720K, reserved 1048576K
GC Heap History (10 events):
Event: 7320.841 GC heap after
Heap after GC invocations=51 (full 4):
 PSYoungGen      total 435712K, used 5331K [0x00000000e0000000, 0x0000000100000000, 0x0000000100000000)
  eden space 430080K, 0% used [0x00000000e0000000,0x00000000e0000000,0x00000000fa400000)
  from space 5632K, 94% used [0x00000000fa400000,0x00000000fa934f40,0x00000000fa980000)
  to   space 47616K, 0% used [0x00000000fd180000,0x00000000fd180000,0x0000000100000000)
 ParOldGen       total 201216K, used 178662K [0x00000000a0000000, 0x00000000ac480000, 0x00000000e0000000)
  object space 201216K, 88% used [0x00000000a0000000,0x00000000aae79928,0x00000000ac480000)
 Metaspace       used 110605K, capacity 116948K, committed 117336K, reserved 1153024K
  class space    used 13491K, capacity 14665K, committed 14720K, reserved 1048576K
}
Event: 7321.967 GC heap before
{Heap before GC invocations=52 (full 4):
 PSYoungGen      total 435712K, used 435411K [0x00000000e0000000, 0x0000000100000000, 0x0000000100000000)
  eden space 430080K, 100% used [0x00000000e0000000,0x00000000fa400000,0x00000000fa400000)
  from space 5632K, 94% used [0x00000000fa400000,0x00000000fa934f40,0x00000000fa980000)
  to   space 47616K, 0% used [0x00000000fd180000,0x00000000fd180000,0x0000000100000000)
 ParOldGen       total 201216K, used 178662K [0x00000000a0000000, 0x00000000ac480000, 0x00000000e0000000)
  object space 201216K, 88% used [0x00000000a0000000,0x00000000aae79928,0x00000000ac480000)
 Metaspace       used 110616K, capacity 116954K, committed 117336K, reserved 1153024K
  class space    used 13491K, capacity 14666K, committed 14720K, reserved 1048576K
Event: 7321.990 GC heap after
Heap after GC invocations=52 (full 4):
 PSYoungGen      total 476672K, used 3302K [0x00000000e0000000, 0x0000000100000000, 0x0000000100000000)
  eden space 429056K, 0% used [0x00000000e0000000,0x00000000e0000000,0x00000000fa300000)
  from space 47616K, 6% used [0x00000000fd180000,0x00000000fd4b99e8,0x0000000100000000)
  to   space 47616K, 0% used [0x00000000fa300000,0x00000000fa300000,0x00000000fd180000)
 ParOldGen       total 201216K, used 178678K [0x00000000a0000000, 0x00000000ac480000, 0x00000000e0000000)
  object space 201216K, 88% used [0x00000000a0000000,0x00000000aae7d928,0x00000000ac480000)
 Metaspace       used 110616K, capacity 116954K, committed 117336K, reserved 1153024K
  class space    used 13491K, capacity 14666K, committed 14720K, reserved 1048576K
}
Event: 7323.443 GC heap before
{Heap before GC invocations=53 (full 4):
 PSYoungGen      total 476672K, used 432358K [0x00000000e0000000, 0x0000000100000000, 0x0000000100000000)
  eden space 429056K, 100% used [0x00000000e0000000,0x00000000fa300000,0x00000000fa300000)
  from space 47616K, 6% used [0x00000000fd180000,0x00000000fd4b99e8,0x0000000100000000)
  to   space 47616K, 0% used [0x00000000fa300000,0x00000000fa300000,0x00000000fd180000)
 ParOldGen       total 201216K, used 178678K [0x00000000a0000000, 0x00000000ac480000, 0x00000000e0000000)
  object space 201216K, 88% used [0x00000000a0000000,0x00000000aae7d928,0x00000000ac480000)
 Metaspace       used 110626K, capacity 116954K, committed 117336K, reserved 1153024K
  class space    used 13491K, capacity 14666K, committed 14720K, reserved 1048576K
Event: 7323.507 GC heap after
Heap after GC invocations=53 (full 4):
 PSYoungGen      total 439808K, used 10568K [0x00000000e0000000, 0x00000000ffd00000, 0x0000000100000000)
  eden space 429056K, 0% used [0x00000000e0000000,0x00000000e0000000,0x00000000fa300000)
  from space 10752K, 98% used [0x00000000fa300000,0x00000000fad522f0,0x00000000fad80000)
  to   space 46080K, 0% used [0x00000000fd000000,0x00000000fd000000,0x00000000ffd00000)
 ParOldGen       total 201216K, used 178686K [0x00000000a0000000, 0x00000000ac480000, 0x00000000e0000000)
  object space 201216K, 88% used [0x00000000a0000000,0x00000000aae7f928,0x00000000ac480000)
 Metaspace       used 110626K, capacity 116954K, committed 117336K, reserved 1153024K
  class space    used 13491K, capacity 14666K, committed 14720K, reserved 1048576K
}
Event: 7324.960 GC heap before
{Heap before GC invocations=54 (full 4):
 PSYoungGen      total 439808K, used 439517K [0x00000000e0000000, 0x00000000ffd00000, 0x0000000100000000)
  eden space 429056K, 99% used [0x00000000e0000000,0x00000000fa2e52c8,0x00000000fa300000)
  from space 10752K, 98% used [0x00000000fa300000,0x00000000fad522f0,0x00000000fad80000)
  to   space 46080K, 0% used [0x00000000fd000000,0x00000000fd000000,0x00000000ffd00000)
 ParOldGen       total 201216K, used 178686K [0x00000000a0000000, 0x00000000ac480000, 0x00000000e0000000)
  object space 201216K, 88% used [0x00000000a0000000,0x00000000aae7f928,0x00000000ac480000)
 Metaspace       used 110632K, capacity 116954K, committed 117336K, reserved 1153024K
  class space    used 13491K, capacity 14666K, committed 14720K, reserved 1048576K
Event: 7324.976 GC heap after
Heap after GC invocations=54 (full 4):
 PSYoungGen      total 476160K, used 7321K [0x00000000e0000000, 0x0000000100000000, 0x0000000100000000)
  eden space 430080K, 0% used [0x00000000e0000000,0x00000000e0000000,0x00000000fa400000)
  from space 46080K, 15% used [0x00000000fd000000,0x00000000fd726620,0x00000000ffd00000)
  to   space 45056K, 0% used [0x00000000fa400000,0x00000000fa400000,0x00000000fd000000)
 ParOldGen       total 201216K, used 178702K [0x00000000a0000000, 0x00000000ac480000, 0x00000000e0000000)
  object space 201216K, 88% used [0x00000000a0000000,0x00000000aae83928,0x00000000ac480000)
 Metaspace       used 110632K, capacity 116954K, committed 117336K, reserved 1153024K
  class space    used 13491K, capacity 14666K, committed 14720K, reserved 1048576K
}
Event: 7327.524 GC heap before
{Heap before GC invocations=55 (full 4):
 PSYoungGen      total 476160K, used 437401K [0x00000000e0000000, 0x0000000100000000, 0x0000000100000000)
  eden space 430080K, 100% used [0x00000000e0000000,0x00000000fa400000,0x00000000fa400000)
  from space 46080K, 15% used [0x00000000fd000000,0x00000000fd726620,0x00000000ffd00000)
  to   space 45056K, 0% used [0x00000000fa400000,0x00000000fa400000,0x00000000fd000000)
 ParOldGen       total 201216K, used 178702K [0x00000000a0000000, 0x00000000ac480000, 0x00000000e0000000)
  object space 201216K, 88% used [0x00000000a0000000,0x00000000aae83928,0x00000000ac480000)
 Metaspace       used 111084K, capacity 117492K, committed 117848K, reserved 1153024K
  class space    used 13545K, capacity 14719K, committed 14720K, reserved 1048576K
Event: 7327.802 GC heap after
Heap after GC invocations=55 (full 4):
 PSYoungGen      total 475136K, used 45028K [0x00000000e0000000, 0x0000000100000000, 0x0000000100000000)
  eden space 430080K, 0% used [0x00000000e0000000,0x00000000e0000000,0x00000000fa400000)
  from space 45056K, 99% used [0x00000000fa400000,0x00000000fcff92e8,0x00000000fd000000)
  to   space 49152K, 0% used [0x00000000fd000000,0x00000000fd000000,0x0000000100000000)
 ParOldGen       total 208896K, used 208755K [0x00000000a0000000, 0x00000000acc00000, 0x00000000e0000000)
  object space 208896K, 99% used [0x00000000a0000000,0x00000000acbdce50,0x00000000acc00000)
 Metaspace       used 111084K, capacity 117492K, committed 117848K, reserved 1153024K
  class space    used 13545K, capacity 14719K, committed 14720K, reserved 1048576K
}
Event: 7327.802 GC heap before
{Heap before GC invocations=56 (full 5):
 PSYoungGen      total 475136K, used 45028K [0x00000000e0000000, 0x0000000100000000, 0x0000000100000000)
  eden space 430080K, 0% used [0x00000000e0000000,0x00000000e0000000,0x00000000fa400000)
  from space 45056K, 99% used [0x00000000fa400000,0x00000000fcff92e8,0x00000000fd000000)
  to   space 49152K, 0% used [0x00000000fd000000,0x00000000fd000000,0x0000000100000000)
 ParOldGen       total 208896K, used 208755K [0x00000000a0000000, 0x00000000acc00000, 0x00000000e0000000)
  object space 208896K, 99% used [0x00000000a0000000,0x00000000acbdce50,0x00000000acc00000)
 Metaspace       used 111084K, capacity 117492K, committed 117848K, reserved 1153024K
  class space    used 13545K, capacity 14719K, committed 14720K, reserved 1048576K

