# JRE version: OpenJDK Runtime Environment (8.0_152-b01) (build 1.8.0_152-release-1024-b01)
# Java VM: OpenJDK 64-Bit Server VM (25.152-b01 mixed mode linux-amd64 compressed oops)
Heap:
 PSYoungGen      total 360448K, used 34082K [0x00000000e0000000, 0x00000000fe380000, 0x0000000100000000)
  eden space 329216K, 0% used [0x00000000e0000000,0x00000000e02de950,0x00000000f4180000)
  from space 31232K, 99% used [0x00000000fc500000,0x00000000fe369f90,0x00000000fe380000)
  to   space 41472K, 0% used [0x00000000f9280000,0x00000000f9280000,0x00000000fbb00000)
 ParOldGen       total 149504K, used 48733K [0x00000000a0000000, 0x00000000a9200000, 0x00000000e0000000)
  object space 149504K, 32% used [0x00000000a0000000,0x00000000a2f977b8,0x00000000a9200000)
 Metaspace       used 77044K, capacity 80216K, committed 80344K, reserved 1118208K
  class space    used 10003K, capacity 10626K, committed 10752K, reserved 1048576K
GC Heap History (10 events):
Event: 20.717 GC heap before
{Heap before GC invocations=11 (full 2):
 PSYoungGen      total 283648K, used 39181K [0x00000000e0000000, 0x00000000f3780000, 0x0000000100000000)
  eden space 264704K, 7% used [0x00000000e0000000,0x00000000e13ca1a0,0x00000000f0280000)
  from space 18944K, 99% used [0x00000000f1e00000,0x00000000f3079348,0x00000000f3080000)
  to   space 27136K, 0% used [0x00000000f0280000,0x00000000f0280000,0x00000000f1d00000)
 ParOldGen       total 94208K, used 33036K [0x00000000a0000000, 0x00000000a5c00000, 0x00000000e0000000)
  object space 94208K, 35% used [0x00000000a0000000,0x00000000a2043118,0x00000000a5c00000)
 Metaspace       used 57198K, capacity 58922K, committed 58968K, reserved 1099776K
  class space    used 7873K, capacity 8315K, committed 8320K, reserved 1048576K
Event: 20.738 GC heap after
Heap after GC invocations=11 (full 2):
 PSYoungGen      total 291840K, used 24941K [0x00000000e0000000, 0x00000000f9280000, 0x0000000100000000)
  eden space 264704K, 0% used [0x00000000e0000000,0x00000000e0000000,0x00000000f0280000)
  from space 27136K, 91% used [0x00000000f0280000,0x00000000f1adb6c8,0x00000000f1d00000)
  to   space 30208K, 0% used [0x00000000f7500000,0x00000000f7500000,0x00000000f9280000)
 ParOldGen       total 94208K, used 33044K [0x00000000a0000000, 0x00000000a5c00000, 0x00000000e0000000)
  object space 94208K, 35% used [0x00000000a0000000,0x00000000a2045118,0x00000000a5c00000)
 Metaspace       used 57198K, capacity 58922K, committed 58968K, reserved 1099776K
  class space    used 7873K, capacity 8315K, committed 8320K, reserved 1048576K
}
Event: 20.738 GC heap before
{Heap before GC invocations=12 (full 3):
 PSYoungGen      total 291840K, used 24941K [0x00000000e0000000, 0x00000000f9280000, 0x0000000100000000)
  eden space 264704K, 0% used [0x00000000e0000000,0x00000000e0000000,0x00000000f0280000)
  from space 27136K, 91% used [0x00000000f0280000,0x00000000f1adb6c8,0x00000000f1d00000)
  to   space 30208K, 0% used [0x00000000f7500000,0x00000000f7500000,0x00000000f9280000)
 ParOldGen       total 94208K, used 33044K [0x00000000a0000000, 0x00000000a5c00000, 0x00000000e0000000)
  object space 94208K, 35% used [0x00000000a0000000,0x00000000a2045118,0x00000000a5c00000)
 Metaspace       used 57198K, capacity 58922K, committed 58968K, reserved 1099776K
  class space    used 7873K, capacity 8315K, committed 8320K, reserved 1048576K
Event: 20.946 GC heap after
Heap after GC invocations=12 (full 3):
 PSYoungGen      total 291840K, used 0K [0x00000000e0000000, 0x00000000f9280000, 0x0000000100000000)
  eden space 264704K, 0% used [0x00000000e0000000,0x00000000e0000000,0x00000000f0280000)
  from space 27136K, 0% used [0x00000000f0280000,0x00000000f0280000,0x00000000f1d00000)
  to   space 30208K, 0% used [0x00000000f7500000,0x00000000f7500000,0x00000000f9280000)
 ParOldGen       total 149504K, used 48647K [0x00000000a0000000, 0x00000000a9200000, 0x00000000e0000000)
  object space 149504K, 32% used [0x00000000a0000000,0x00000000a2f81f80,0x00000000a9200000)
 Metaspace       used 57198K, capacity 58922K, committed 58968K, reserved 1099776K
  class space    used 7873K, capacity 8315K, committed 8320K, reserved 1048576K
}
Event: 25.574 GC heap before
{Heap before GC invocations=13 (full 3):
 PSYoungGen      total 291840K, used 264704K [0x00000000e0000000, 0x00000000f9280000, 0x0000000100000000)
  eden space 264704K, 100% used [0x00000000e0000000,0x00000000f0280000,0x00000000f0280000)
  from space 27136K, 0% used [0x00000000f0280000,0x00000000f0280000,0x00000000f1d00000)
  to   space 30208K, 0% used [0x00000000f7500000,0x00000000f7500000,0x00000000f9280000)
 ParOldGen       total 149504K, used 48647K [0x00000000a0000000, 0x00000000a9200000, 0x00000000e0000000)
  object space 149504K, 32% used [0x00000000a0000000,0x00000000a2f81f80,0x00000000a9200000)
 Metaspace       used 68162K, capacity 70396K, committed 70616K, reserved 1110016K
  class space    used 9109K, capacity 9630K, committed 9728K, reserved 1048576K
Event: 25.604 GC heap after
Heap after GC invocations=13 (full 3):
 PSYoungGen      total 371712K, used 30200K [0x00000000e0000000, 0x00000000f9280000, 0x0000000100000000)
  eden space 341504K, 0% used [0x00000000e0000000,0x00000000e0000000,0x00000000f4d80000)
  from space 30208K, 99% used [0x00000000f7500000,0x00000000f927e1d8,0x00000000f9280000)
  to   space 34816K, 0% used [0x00000000f4e80000,0x00000000f4e80000,0x00000000f7080000)
 ParOldGen       total 149504K, used 48717K [0x00000000a0000000, 0x00000000a9200000, 0x00000000e0000000)
  object space 149504K, 32% used [0x00000000a0000000,0x00000000a2f937b8,0x00000000a9200000)
 Metaspace       used 68162K, capacity 70396K, committed 70616K, reserved 1110016K
  class space    used 9109K, capacity 9630K, committed 9728K, reserved 1048576K
}
Event: 5930.699 GC heap before
{Heap before GC invocations=14 (full 3):
 PSYoungGen      total 371712K, used 371704K [0x00000000e0000000, 0x00000000f9280000, 0x0000000100000000)
  eden space 341504K, 100% used [0x00000000e0000000,0x00000000f4d80000,0x00000000f4d80000)
  from space 30208K, 99% used [0x00000000f7500000,0x00000000f927e1d8,0x00000000f9280000)
  to   space 34816K, 0% used [0x00000000f4e80000,0x00000000f4e80000,0x00000000f7080000)
 ParOldGen       total 149504K, used 48717K [0x00000000a0000000, 0x00000000a9200000, 0x00000000e0000000)
  object space 149504K, 32% used [0x00000000a0000000,0x00000000a2f937b8,0x00000000a9200000)
 Metaspace       used 76190K, capacity 79208K, committed 79448K, reserved 1118208K
  class space    used 9971K, capacity 10574K, committed 10624K, reserved 1048576K
Event: 5930.728 GC heap after
Heap after GC invocations=14 (full 3):
 PSYoungGen      total 377344K, used 30147K [0x00000000e0000000, 0x00000000fea80000, 0x0000000100000000)
  eden space 342528K, 0% used [0x00000000e0000000,0x00000000e0000000,0x00000000f4e80000)
  from space 34816K, 86% used [0x00000000f4e80000,0x00000000f6bf0c98,0x00000000f7080000)
  to   space 38400K, 0% used [0x00000000fc500000,0x00000000fc500000,0x00000000fea80000)
 ParOldGen       total 149504K, used 48725K [0x00000000a0000000, 0x00000000a9200000, 0x00000000e0000000)
  object space 149504K, 32% used [0x00000000a0000000,0x00000000a2f957b8,0x00000000a9200000)
 Metaspace       used 76190K, capacity 79208K, committed 79448K, reserved 1118208K
  class space    used 9971K, capacity 10574K, committed 10624K, reserved 1048576K
}
Event: 8880.027 GC heap before
{Heap before GC invocations=15 (full 3):
 PSYoungGen      total 377344K, used 372675K [0x00000000e0000000, 0x00000000fea80000, 0x0000000100000000)
  eden space 342528K, 100% used [0x00000000e0000000,0x00000000f4e80000,0x00000000f4e80000)
  from space 34816K, 86% used [0x00000000f4e80000,0x00000000f6bf0c98,0x00000000f7080000)
  to   space 38400K, 0% used [0x00000000fc500000,0x00000000fc500000,0x00000000fea80000)
 ParOldGen       total 149504K, used 48725K [0x00000000a0000000, 0x00000000a9200000, 0x00000000e0000000)
  object space 149504K, 32% used [0x00000000a0000000,0x00000000a2f957b8,0x00000000a9200000)
 Metaspace       used 77044K, capacity 80216K, committed 80344K, reserved 1118208K
  class space    used 10003K, capacity 10626K, committed 10752K, reserved 1048576K
Event: 8880.092 GC heap after
Heap after GC invocations=15 (full 3):
 PSYoungGen      total 360448K, used 31143K [0x00000000e0000000, 0x00000000fe380000, 0x0000000100000000)
  eden space 329216K, 0% used [0x00000000e0000000,0x00000000e0000000,0x00000000f4180000)
  from space 31232K, 99% used [0x00000000fc500000,0x00000000fe369f90,0x00000000fe380000)
  to   space 41472K, 0% used [0x00000000f9280000,0x00000000f9280000,0x00000000fbb00000)
 ParOldGen       total 149504K, used 48733K [0x00000000a0000000, 0x00000000a9200000, 0x00000000e0000000)
  object space 149504K, 32% used [0x00000000a0000000,0x00000000a2f977b8,0x00000000a9200000)
 Metaspace       used 77044K, capacity 80216K, committed 80344K, reserved 1118208K
  class space    used 10003K, capacity 10626K, committed 10752K, reserved 1048576K
}

